{"name": "Text Area name", "status": "failed", "statusDetails": {"message": "AssertionError: assert 'Text area' == 'Text area*'\n  \n  \u001b[0m\u001b[91m- Text area*\u001b[39;49;00m\u001b[90m\u001b[39;49;00m\n  ?          -\u001b[90m\u001b[39;49;00m\n  \u001b[92m+ Text area\u001b[39;49;00m\u001b[90m\u001b[39;49;00m", "trace": "browser = <selenium.webdriver.chrome.webdriver.WebDriver (session=\"ba6fd31f804cc5d57cc55edf576e27af\")>\n\n    @allure.feature('Text Area Page')\n    @allure.title('Text Area name')\n    def test_area_name(browser):\n        select_page = TestAreaPage(browser)\n        select_page.open_page()\n        select_page.find_name()\n>       assert 'Text area' == select_page.name_text\nE       AssertionError: assert 'Text area' == 'Text area*'\nE         \nE         \u001b[0m\u001b[91m- Text area*\u001b[39;49;00m\u001b[90m\u001b[39;49;00m\nE         ?          -\u001b[90m\u001b[39;49;00m\nE         \u001b[92m+ Text area\u001b[39;49;00m\u001b[90m\u001b[39;49;00m\n\ntests\\text_area_test.py:17: AssertionError"}, "steps": [{"name": "Open page", "status": "passed", "start": 1751196953083, "stop": 1751196954515}], "start": 1751196953083, "stop": 1751196954610, "uuid": "1c61b1dd-e4eb-4124-832e-c63f9b8ce4fe", "historyId": "3988baf82510fd24b3159f18bd1093c0", "testCaseId": "3988baf82510fd24b3159f18bd1093c0", "fullName": "tests.text_area_test#test_area_name", "labels": [{"name": "feature", "value": "Text Area Page"}, {"name": "parentSuite", "value": "tests"}, {"name": "suite", "value": "text_area_test"}, {"name": "host", "value": "RUDSDW026986"}, {"name": "thread", "value": "65528-MainThread"}, {"name": "framework", "value": "pytest"}, {"name": "language", "value": "cpython3"}, {"name": "package", "value": "tests.text_area_test"}]}