{"name": "Text Area name", "status": "failed", "statusDetails": {"message": "AssertionError: assert 'Text area' == 'Text area*'\n  \n  \u001b[0m\u001b[91m- Text area*\u001b[39;49;00m\u001b[90m\u001b[39;49;00m\n  ?          -\u001b[90m\u001b[39;49;00m\n  \u001b[92m+ Text area\u001b[39;49;00m\u001b[90m\u001b[39;49;00m", "trace": "browser = <selenium.webdriver.chrome.webdriver.WebDriver (session=\"093562bc4888606203b177d90b737807\")>\n\n    @allure.feature('Text Area Page')\n    @allure.title('Text Area name')\n    def test_area_name(browser):\n        select_page = TestAreaPage(browser)\n        select_page.open_page()\n        select_page.find_name()\n>       assert 'Text area' == select_page.name_text\nE       AssertionError: assert 'Text area' == 'Text area*'\nE         \nE         \u001b[0m\u001b[91m- Text area*\u001b[39;49;00m\u001b[90m\u001b[39;49;00m\nE         ?          -\u001b[90m\u001b[39;49;00m\nE         \u001b[92m+ Text area\u001b[39;49;00m\u001b[90m\u001b[39;49;00m\n\ntests\\text_area_test.py:17: AssertionError"}, "steps": [{"name": "Open page", "status": "passed", "start": 1751379942169, "stop": 1751379943176}], "start": 1751379942168, "stop": 1751379943287, "uuid": "0a654468-efba-40cb-94b7-28236dccc838", "historyId": "3988baf82510fd24b3159f18bd1093c0", "testCaseId": "3988baf82510fd24b3159f18bd1093c0", "fullName": "tests.text_area_test#test_area_name", "labels": [{"name": "feature", "value": "Text Area Page"}, {"name": "parentSuite", "value": "tests"}, {"name": "suite", "value": "text_area_test"}, {"name": "host", "value": "RUDSDW026986"}, {"name": "thread", "value": "40124-MainThread"}, {"name": "framework", "value": "pytest"}, {"name": "language", "value": "cpython3"}, {"name": "package", "value": "tests.text_area_test"}]}