{"name": "Select input name", "status": "failed", "statusDetails": {"message": "AssertionError: assert 'Choose language' == 'Choose language*'\n  \n  \u001b[0m\u001b[91m- Choose language*\u001b[39;49;00m\u001b[90m\u001b[39;49;00m\n  ?                -\u001b[90m\u001b[39;49;00m\n  \u001b[92m+ Choose language\u001b[39;49;00m\u001b[90m\u001b[39;49;00m", "trace": "browser = <selenium.webdriver.chrome.webdriver.WebDriver (session=\"4770885244d8ab928112d9cddd771ffd\")>\n\n    @allure.feature('Select Inputs Page')\n    @allure.title('Select input name')\n    def test_field_name(browser):\n        select_page = SelectInputsPage(browser)\n        select_page.open_page()\n        select_page.find_name()\n>       assert 'Choose language' == select_page.name_text\nE       AssertionError: assert 'Choose language' == 'Choose language*'\nE         \nE         \u001b[0m\u001b[91m- Choose language*\u001b[39;49;00m\u001b[90m\u001b[39;49;00m\nE         ?                -\u001b[90m\u001b[39;49;00m\nE         \u001b[92m+ Choose language\u001b[39;49;00m\u001b[90m\u001b[39;49;00m\n\ntests\\select_inputs_test.py:17: AssertionError"}, "steps": [{"name": "Open page", "status": "passed", "start": 1751379911420, "stop": 1751379912030}], "start": 1751379911420, "stop": 1751379913170, "uuid": "ec8e666a-5179-4799-b9ed-280f888f76e8", "historyId": "386f5a9fef1dd10c268f6d00b348d0ef", "testCaseId": "386f5a9fef1dd10c268f6d00b348d0ef", "fullName": "tests.select_inputs_test#test_field_name", "labels": [{"name": "feature", "value": "Select Inputs Page"}, {"name": "parentSuite", "value": "tests"}, {"name": "suite", "value": "select_inputs_test"}, {"name": "host", "value": "RUDSDW026986"}, {"name": "thread", "value": "40124-MainThread"}, {"name": "framework", "value": "pytest"}, {"name": "language", "value": "cpython3"}, {"name": "package", "value": "tests.select_inputs_test"}]}